==========
Start Time : Sun Apr  3 20:07:06 EDT 2022
Submit Dir : /users/rbennet8
Job ID/Name : 632133 / Best Reg Params
Num Tasks :  _NTASKS total [1 nodes @ 1 CPUs/node]
==========

TRAINING:
Epoch 1/10
11977/11977 - 2679s - loss: 175.3422 - accuracy: 0.8250
Epoch 2/10
11977/11977 - 2662s - loss: 169.5177 - accuracy: 0.9330
Epoch 3/10
11977/11977 - 2663s - loss: 169.3530 - accuracy: 0.9500
Epoch 4/10
11977/11977 - 2663s - loss: 169.2980 - accuracy: 0.9643
Epoch 5/10
11977/11977 - 2663s - loss: 169.2633 - accuracy: 0.9759
Epoch 6/10
11977/11977 - 2661s - loss: 169.2395 - accuracy: 0.9830
Epoch 7/10
11977/11977 - 2661s - loss: 169.2165 - accuracy: 0.9871
Epoch 8/10
11977/11977 - 2662s - loss: 169.2022 - accuracy: 0.9898
Epoch 9/10
11977/11977 - 2661s - loss: 169.1844 - accuracy: 0.9915
Epoch 10/10
11977/11977 - 2661s - loss: 169.1705 - accuracy: 0.9927
VALIDATION:
9357/9357 - 206s - loss: 181.0098 - accuracy: 0.9394

==========
End Time : Mon Apr  4 03:47:36 EDT 2022
==========
