Loading tensorflow/2.4.1-cuda11.2
  Loading requirement: cuda/11.2 cudnn/8.1.0-cuda11.2 tensorrt/7.2.2.3-cuda11.2
2022-02-27 02:32:38.383170: I tensorflow/stream_executor/platform/default/dso_loader.cc:49] Successfully opened dynamic library libcudart.so.11.0
2022-02-27 02:32:41.773640: I tensorflow/core/platform/cpu_feature_guard.cc:142] This TensorFlow binary is optimized with oneAPI Deep Neural Network Library (oneDNN) to use the following CPU instructions in performance-critical operations:  AVX512F
To enable them in other operations, rebuild TensorFlow with the appropriate compiler flags.
2022-02-27 02:32:41.867907: I tensorflow/stream_executor/platform/default/dso_loader.cc:49] Successfully opened dynamic library libcuda.so.1
2022-02-27 02:32:42.578053: I tensorflow/core/common_runtime/gpu/gpu_device.cc:1720] Found device 0 with properties: 
pciBusID: 0000:1a:00.0 name: GeForce GTX 1080 Ti computeCapability: 6.1
coreClock: 1.582GHz coreCount: 28 deviceMemorySize: 10.92GiB deviceMemoryBandwidth: 451.17GiB/s
2022-02-27 02:32:42.579148: I tensorflow/core/common_runtime/gpu/gpu_device.cc:1720] Found device 1 with properties: 
pciBusID: 0000:1b:00.0 name: GeForce GTX 1080 Ti computeCapability: 6.1
coreClock: 1.582GHz coreCount: 28 deviceMemorySize: 10.92GiB deviceMemoryBandwidth: 451.17GiB/s
2022-02-27 02:32:42.580171: I tensorflow/core/common_runtime/gpu/gpu_device.cc:1720] Found device 2 with properties: 
pciBusID: 0000:60:00.0 name: GeForce GTX 1080 Ti computeCapability: 6.1
coreClock: 1.582GHz coreCount: 28 deviceMemorySize: 10.92GiB deviceMemoryBandwidth: 451.17GiB/s
2022-02-27 02:32:42.581182: I tensorflow/core/common_runtime/gpu/gpu_device.cc:1720] Found device 3 with properties: 
pciBusID: 0000:61:00.0 name: GeForce GTX 1080 Ti computeCapability: 6.1
coreClock: 1.582GHz coreCount: 28 deviceMemorySize: 10.92GiB deviceMemoryBandwidth: 451.17GiB/s
2022-02-27 02:32:42.581217: I tensorflow/stream_executor/platform/default/dso_loader.cc:49] Successfully opened dynamic library libcudart.so.11.0
2022-02-27 02:32:42.602084: I tensorflow/stream_executor/platform/default/dso_loader.cc:49] Successfully opened dynamic library libcublas.so.11
2022-02-27 02:32:42.602172: I tensorflow/stream_executor/platform/default/dso_loader.cc:49] Successfully opened dynamic library libcublasLt.so.11
2022-02-27 02:32:42.612654: I tensorflow/stream_executor/platform/default/dso_loader.cc:49] Successfully opened dynamic library libcufft.so.10
2022-02-27 02:32:42.618186: I tensorflow/stream_executor/platform/default/dso_loader.cc:49] Successfully opened dynamic library libcurand.so.10
2022-02-27 02:32:42.623628: I tensorflow/stream_executor/platform/default/dso_loader.cc:49] Successfully opened dynamic library libcusolver.so.11
2022-02-27 02:32:42.630532: I tensorflow/stream_executor/platform/default/dso_loader.cc:49] Successfully opened dynamic library libcusparse.so.11
2022-02-27 02:32:42.632886: I tensorflow/stream_executor/platform/default/dso_loader.cc:49] Successfully opened dynamic library libcudnn.so.8
2022-02-27 02:32:42.640997: I tensorflow/core/common_runtime/gpu/gpu_device.cc:1862] Adding visible gpu devices: 0, 1, 2, 3
2022-02-27 02:32:42.641754: I tensorflow/stream_executor/platform/default/dso_loader.cc:49] Successfully opened dynamic library libcudart.so.11.0
2022-02-27 02:32:45.125227: I tensorflow/core/common_runtime/gpu/gpu_device.cc:1261] Device interconnect StreamExecutor with strength 1 edge matrix:
2022-02-27 02:32:45.125615: I tensorflow/core/common_runtime/gpu/gpu_device.cc:1267]      0 1 2 3 
2022-02-27 02:32:45.125624: I tensorflow/core/common_runtime/gpu/gpu_device.cc:1280] 0:   N Y Y Y 
2022-02-27 02:32:45.125629: I tensorflow/core/common_runtime/gpu/gpu_device.cc:1280] 1:   Y N Y Y 
2022-02-27 02:32:45.125633: I tensorflow/core/common_runtime/gpu/gpu_device.cc:1280] 2:   Y Y N Y 
2022-02-27 02:32:45.125638: I tensorflow/core/common_runtime/gpu/gpu_device.cc:1280] 3:   Y Y Y N 
2022-02-27 02:32:45.134329: I tensorflow/core/common_runtime/gpu/gpu_device.cc:1406] Created TensorFlow device (/job:localhost/replica:0/task:0/device:GPU:0 with 10277 MB memory) -> physical GPU (device: 0, name: GeForce GTX 1080 Ti, pci bus id: 0000:1a:00.0, compute capability: 6.1)
2022-02-27 02:32:45.138411: I tensorflow/core/common_runtime/gpu/gpu_device.cc:1406] Created TensorFlow device (/job:localhost/replica:0/task:0/device:GPU:1 with 10277 MB memory) -> physical GPU (device: 1, name: GeForce GTX 1080 Ti, pci bus id: 0000:1b:00.0, compute capability: 6.1)
2022-02-27 02:32:45.140689: I tensorflow/core/common_runtime/gpu/gpu_device.cc:1406] Created TensorFlow device (/job:localhost/replica:0/task:0/device:GPU:2 with 10277 MB memory) -> physical GPU (device: 2, name: GeForce GTX 1080 Ti, pci bus id: 0000:60:00.0, compute capability: 6.1)
2022-02-27 02:32:45.142967: I tensorflow/core/common_runtime/gpu/gpu_device.cc:1406] Created TensorFlow device (/job:localhost/replica:0/task:0/device:GPU:3 with 10277 MB memory) -> physical GPU (device: 3, name: GeForce GTX 1080 Ti, pci bus id: 0000:61:00.0, compute capability: 6.1)
2022-02-27 02:32:45.143199: I tensorflow/compiler/jit/xla_gpu_device.cc:99] Not creating XLA devices, tf_xla_enable_xla_devices not set
2022-02-27 02:32:45.143290: I tensorflow/core/common_runtime/direct_session.cc:361] Device mapping:
/job:localhost/replica:0/task:0/device:GPU:0 -> device: 0, name: GeForce GTX 1080 Ti, pci bus id: 0000:1a:00.0, compute capability: 6.1
/job:localhost/replica:0/task:0/device:GPU:1 -> device: 1, name: GeForce GTX 1080 Ti, pci bus id: 0000:1b:00.0, compute capability: 6.1
/job:localhost/replica:0/task:0/device:GPU:2 -> device: 2, name: GeForce GTX 1080 Ti, pci bus id: 0000:60:00.0, compute capability: 6.1
/job:localhost/replica:0/task:0/device:GPU:3 -> device: 3, name: GeForce GTX 1080 Ti, pci bus id: 0000:61:00.0, compute capability: 6.1

2022-02-27 02:45:20.468911: I tensorflow/compiler/jit/xla_cpu_device.cc:41] Not creating XLA devices, tf_xla_enable_xla_devices not set
2022-02-27 02:45:20.471569: I tensorflow/core/common_runtime/gpu/gpu_device.cc:1720] Found device 0 with properties: 
pciBusID: 0000:1a:00.0 name: GeForce GTX 1080 Ti computeCapability: 6.1
coreClock: 1.582GHz coreCount: 28 deviceMemorySize: 10.92GiB deviceMemoryBandwidth: 451.17GiB/s
2022-02-27 02:45:20.472989: I tensorflow/core/common_runtime/gpu/gpu_device.cc:1720] Found device 1 with properties: 
pciBusID: 0000:1b:00.0 name: GeForce GTX 1080 Ti computeCapability: 6.1
coreClock: 1.582GHz coreCount: 28 deviceMemorySize: 10.92GiB deviceMemoryBandwidth: 451.17GiB/s
2022-02-27 02:45:20.474344: I tensorflow/core/common_runtime/gpu/gpu_device.cc:1720] Found device 2 with properties: 
pciBusID: 0000:60:00.0 name: GeForce GTX 1080 Ti computeCapability: 6.1
coreClock: 1.582GHz coreCount: 28 deviceMemorySize: 10.92GiB deviceMemoryBandwidth: 451.17GiB/s
2022-02-27 02:45:20.475672: I tensorflow/core/common_runtime/gpu/gpu_device.cc:1720] Found device 3 with properties: 
pciBusID: 0000:61:00.0 name: GeForce GTX 1080 Ti computeCapability: 6.1
coreClock: 1.582GHz coreCount: 28 deviceMemorySize: 10.92GiB deviceMemoryBandwidth: 451.17GiB/s
2022-02-27 02:45:20.475725: I tensorflow/stream_executor/platform/default/dso_loader.cc:49] Successfully opened dynamic library libcudart.so.11.0
2022-02-27 02:45:20.475762: I tensorflow/stream_executor/platform/default/dso_loader.cc:49] Successfully opened dynamic library libcublas.so.11
2022-02-27 02:45:20.475777: I tensorflow/stream_executor/platform/default/dso_loader.cc:49] Successfully opened dynamic library libcublasLt.so.11
2022-02-27 02:45:20.475792: I tensorflow/stream_executor/platform/default/dso_loader.cc:49] Successfully opened dynamic library libcufft.so.10
2022-02-27 02:45:20.475805: I tensorflow/stream_executor/platform/default/dso_loader.cc:49] Successfully opened dynamic library libcurand.so.10
2022-02-27 02:45:20.475818: I tensorflow/stream_executor/platform/default/dso_loader.cc:49] Successfully opened dynamic library libcusolver.so.11
2022-02-27 02:45:20.475831: I tensorflow/stream_executor/platform/default/dso_loader.cc:49] Successfully opened dynamic library libcusparse.so.11
2022-02-27 02:45:20.475844: I tensorflow/stream_executor/platform/default/dso_loader.cc:49] Successfully opened dynamic library libcudnn.so.8
2022-02-27 02:45:20.486213: I tensorflow/core/common_runtime/gpu/gpu_device.cc:1862] Adding visible gpu devices: 0, 1, 2, 3
2022-02-27 02:45:20.487985: I tensorflow/core/common_runtime/gpu/gpu_device.cc:1720] Found device 0 with properties: 
pciBusID: 0000:1a:00.0 name: GeForce GTX 1080 Ti computeCapability: 6.1
coreClock: 1.582GHz coreCount: 28 deviceMemorySize: 10.92GiB deviceMemoryBandwidth: 451.17GiB/s
2022-02-27 02:45:20.489314: I tensorflow/core/common_runtime/gpu/gpu_device.cc:1720] Found device 1 with properties: 
pciBusID: 0000:1b:00.0 name: GeForce GTX 1080 Ti computeCapability: 6.1
coreClock: 1.582GHz coreCount: 28 deviceMemorySize: 10.92GiB deviceMemoryBandwidth: 451.17GiB/s
2022-02-27 02:45:20.490633: I tensorflow/core/common_runtime/gpu/gpu_device.cc:1720] Found device 2 with properties: 
pciBusID: 0000:60:00.0 name: GeForce GTX 1080 Ti computeCapability: 6.1
coreClock: 1.582GHz coreCount: 28 deviceMemorySize: 10.92GiB deviceMemoryBandwidth: 451.17GiB/s
2022-02-27 02:45:20.491933: I tensorflow/core/common_runtime/gpu/gpu_device.cc:1720] Found device 3 with properties: 
pciBusID: 0000:61:00.0 name: GeForce GTX 1080 Ti computeCapability: 6.1
coreClock: 1.582GHz coreCount: 28 deviceMemorySize: 10.92GiB deviceMemoryBandwidth: 451.17GiB/s
2022-02-27 02:45:20.491958: I tensorflow/stream_executor/platform/default/dso_loader.cc:49] Successfully opened dynamic library libcudart.so.11.0
2022-02-27 02:45:20.491977: I tensorflow/stream_executor/platform/default/dso_loader.cc:49] Successfully opened dynamic library libcublas.so.11
2022-02-27 02:45:20.491987: I tensorflow/stream_executor/platform/default/dso_loader.cc:49] Successfully opened dynamic library libcublasLt.so.11
2022-02-27 02:45:20.491998: I tensorflow/stream_executor/platform/default/dso_loader.cc:49] Successfully opened dynamic library libcufft.so.10
2022-02-27 02:45:20.492008: I tensorflow/stream_executor/platform/default/dso_loader.cc:49] Successfully opened dynamic library libcurand.so.10
2022-02-27 02:45:20.492018: I tensorflow/stream_executor/platform/default/dso_loader.cc:49] Successfully opened dynamic library libcusolver.so.11
2022-02-27 02:45:20.492028: I tensorflow/stream_executor/platform/default/dso_loader.cc:49] Successfully opened dynamic library libcusparse.so.11
2022-02-27 02:45:20.492039: I tensorflow/stream_executor/platform/default/dso_loader.cc:49] Successfully opened dynamic library libcudnn.so.8
2022-02-27 02:45:20.502364: I tensorflow/core/common_runtime/gpu/gpu_device.cc:1862] Adding visible gpu devices: 0, 1, 2, 3
2022-02-27 02:45:20.502467: I tensorflow/core/common_runtime/gpu/gpu_device.cc:1261] Device interconnect StreamExecutor with strength 1 edge matrix:
2022-02-27 02:45:20.502475: I tensorflow/core/common_runtime/gpu/gpu_device.cc:1267]      0 1 2 3 
2022-02-27 02:45:20.502480: I tensorflow/core/common_runtime/gpu/gpu_device.cc:1280] 0:   N Y Y Y 
2022-02-27 02:45:20.502485: I tensorflow/core/common_runtime/gpu/gpu_device.cc:1280] 1:   Y N Y Y 
2022-02-27 02:45:20.502495: I tensorflow/core/common_runtime/gpu/gpu_device.cc:1280] 2:   Y Y N Y 
2022-02-27 02:45:20.502500: I tensorflow/core/common_runtime/gpu/gpu_device.cc:1280] 3:   Y Y Y N 
2022-02-27 02:45:20.509164: I tensorflow/core/common_runtime/gpu/gpu_device.cc:1406] Created TensorFlow device (/job:localhost/replica:0/task:0/device:GPU:0 with 10277 MB memory) -> physical GPU (device: 0, name: GeForce GTX 1080 Ti, pci bus id: 0000:1a:00.0, compute capability: 6.1)
2022-02-27 02:45:20.510521: I tensorflow/core/common_runtime/gpu/gpu_device.cc:1406] Created TensorFlow device (/job:localhost/replica:0/task:0/device:GPU:1 with 10277 MB memory) -> physical GPU (device: 1, name: GeForce GTX 1080 Ti, pci bus id: 0000:1b:00.0, compute capability: 6.1)
2022-02-27 02:45:20.511863: I tensorflow/core/common_runtime/gpu/gpu_device.cc:1406] Created TensorFlow device (/job:localhost/replica:0/task:0/device:GPU:2 with 10277 MB memory) -> physical GPU (device: 2, name: GeForce GTX 1080 Ti, pci bus id: 0000:60:00.0, compute capability: 6.1)
2022-02-27 02:45:20.513191: I tensorflow/core/common_runtime/gpu/gpu_device.cc:1406] Created TensorFlow device (/job:localhost/replica:0/task:0/device:GPU:3 with 10277 MB memory) -> physical GPU (device: 3, name: GeForce GTX 1080 Ti, pci bus id: 0000:61:00.0, compute capability: 6.1)
2022-02-27 02:45:20.513212: I tensorflow/compiler/jit/xla_gpu_device.cc:99] Not creating XLA devices, tf_xla_enable_xla_devices not set
2022-02-27 02:45:20.725162: W tensorflow/core/framework/cpu_allocator_impl.cc:80] Allocation of 19162880000 exceeds 10% of free system memory.
2022-02-27 02:45:32.710679: I tensorflow/compiler/mlir/mlir_graph_optimization_pass.cc:116] None of the MLIR optimization passes are enabled (registered 2)
2022-02-27 02:45:32.725959: I tensorflow/core/platform/profile_utils/cpu_utils.cc:112] CPU Frequency: 2600000000 Hz
2022-02-27 02:45:33.519181: I tensorflow/stream_executor/platform/default/dso_loader.cc:49] Successfully opened dynamic library libcublas.so.11
2022-02-27 02:45:34.220601: I tensorflow/stream_executor/platform/default/dso_loader.cc:49] Successfully opened dynamic library libcublasLt.so.11
2022-02-27 02:45:34.241940: I tensorflow/stream_executor/platform/default/dso_loader.cc:49] Successfully opened dynamic library libcudnn.so.8
