==========
Start Time : Sat Feb 26 22:25:56 EST 2022
Submit Dir : /users/rbennet8
Job ID/Name : 342945 / Best NoReg CNN
Num Tasks :  _NTASKS total [1 nodes @ 1 CPUs/node]
==========

TRAINING:
Epoch 1/10
11977/11977 - 1398s - loss: 0.1890 - accuracy: 0.9281
Epoch 2/10
11977/11977 - 1387s - loss: 0.1176 - accuracy: 0.9572
Epoch 3/10
11977/11977 - 1386s - loss: 0.0788 - accuracy: 0.9718
Epoch 4/10
11977/11977 - 1386s - loss: 0.0507 - accuracy: 0.9820
Epoch 5/10
11977/11977 - 1385s - loss: 0.0347 - accuracy: 0.9876
Epoch 6/10
11977/11977 - 1386s - loss: 0.0272 - accuracy: 0.9901
Epoch 7/10
11977/11977 - 1385s - loss: 0.0219 - accuracy: 0.9921
Epoch 8/10
11977/11977 - 1385s - loss: 0.0191 - accuracy: 0.9931
Epoch 9/10
11977/11977 - 1385s - loss: 0.0168 - accuracy: 0.9940
Epoch 10/10
11977/11977 - 1385s - loss: 0.0148 - accuracy: 0.9947
VALIDATION:
9357/9357 - 115s - loss: 0.2071 - accuracy: 0.9551

==========
End Time : Sun Feb 27 02:32:29 EST 2022
==========
