==========
Start Time : Sun Feb 27 07:41:58 EST 2022
Submit Dir : /users/rbennet8
Job ID/Name : 342947 / Best NoReg Params
Num Tasks :  _NTASKS total [1 nodes @ 1 CPUs/node]
==========

TRAINING:
Epoch 1/10
11977/11977 - 2635s - loss: 0.2438 - accuracy: 0.9113
Epoch 2/10
11977/11977 - 2617s - loss: 0.1561 - accuracy: 0.9420
Epoch 3/10
11977/11977 - 2617s - loss: 0.1219 - accuracy: 0.9560
Epoch 4/10
11977/11977 - 2617s - loss: 0.0921 - accuracy: 0.9671
Epoch 5/10
11977/11977 - 2616s - loss: 0.0687 - accuracy: 0.9753
Epoch 6/10
11977/11977 - 2617s - loss: 0.0549 - accuracy: 0.9803
Epoch 7/10
11977/11977 - 2616s - loss: 0.0443 - accuracy: 0.9839
Epoch 8/10
11977/11977 - 2617s - loss: 0.0372 - accuracy: 0.9867
Epoch 9/10
11977/11977 - 2618s - loss: 0.0342 - accuracy: 0.9881
Epoch 10/10
11977/11977 - 2618s - loss: 0.0316 - accuracy: 0.9893
VALIDATION:
9357/9357 - 200s - loss: 2.6530 - accuracy: 0.9523

==========
End Time : Sun Feb 27 15:15:13 EST 2022
==========
