==========
Start Time : Sun Feb 27 15:35:13 EST 2022
Submit Dir : /users/rbennet8
Job ID/Name : 344835 / Best Reg CNN
Num Tasks :  _NTASKS total [1 nodes @ 1 CPUs/node]
==========

TRAINING:
Epoch 1/20
12180/12180 - 1784s - loss: 0.6284 - accuracy: 0.9227
Epoch 2/20
12180/12180 - 1774s - loss: 0.1442 - accuracy: 0.9571
Epoch 3/20
12180/12180 - 1773s - loss: 0.0949 - accuracy: 0.9743
Epoch 4/20
12180/12180 - 1772s - loss: 0.0644 - accuracy: 0.9844
Epoch 5/20
12180/12180 - 1771s - loss: 0.0478 - accuracy: 0.9893
Epoch 6/20
12180/12180 - 1770s - loss: 0.0389 - accuracy: 0.9918
Epoch 7/20
12180/12180 - 1771s - loss: 0.0337 - accuracy: 0.9932
Epoch 8/20
12180/12180 - 1770s - loss: 0.0297 - accuracy: 0.9943
Epoch 9/20
12180/12180 - 1769s - loss: 0.0263 - accuracy: 0.9952
Epoch 10/20
12180/12180 - 1769s - loss: 0.0237 - accuracy: 0.9959
Epoch 11/20
12180/12180 - 1769s - loss: 0.0220 - accuracy: 0.9963
Epoch 12/20
12180/12180 - 1769s - loss: 0.0204 - accuracy: 0.9967
Epoch 13/20
12180/12180 - 1769s - loss: 0.0191 - accuracy: 0.9970
Epoch 14/20
12180/12180 - 1770s - loss: 0.0177 - accuracy: 0.9974
Epoch 15/20
12180/12180 - 1768s - loss: 0.0169 - accuracy: 0.9975
Epoch 16/20
12180/12180 - 1769s - loss: 0.0160 - accuracy: 0.9978
Epoch 17/20
12180/12180 - 1769s - loss: 0.0153 - accuracy: 0.9979
Epoch 18/20
12180/12180 - 1767s - loss: 0.0146 - accuracy: 0.9981
Epoch 19/20
12180/12180 - 1768s - loss: 0.0142 - accuracy: 0.9982
Epoch 20/20
12180/12180 - 1767s - loss: 0.0135 - accuracy: 0.9983
VALIDATION:
9516/9516 - 144s - loss: 0.1975 - accuracy: 0.9533

==========
End Time : Mon Feb 28 01:41:30 EST 2022
==========
